app/build/intermediates/manifest_merge_blame_file/debug/manifest-merger-blame-debug-report.txt
1<?xml version="1.0" encoding="utf-8"?>
2<manifest xmlns:android="http://schemas.android.com/apk/res/android"
3    package="com.fuais.janaproject"
4    android:versionCode="1"
5    android:versionName="1.0" >
6
7    <uses-sdk
8        android:minSdkVersion="16"
8-->src\main\AndroidManifest.xml
9        android:targetSdkVersion="29" />
9-->src\main\AndroidManifest.xml
10
11    <uses-permission android:name="android.permission.INTERNET" />
11-->[com.firebaseui:firebase-ui:3.3.0] AndroidManifest.xml:11:5-67
11-->[com.firebaseui:firebase-ui:3.3.0] AndroidManifest.xml:11:22-64
12    <uses-permission android:name="android.permission.ACCESS_NETWORK_STATE" />
12-->[com.firebaseui:firebase-ui-auth:3.3.0] AndroidManifest.xml:12:5-79
12-->[com.firebaseui:firebase-ui-auth:3.3.0] AndroidManifest.xml:12:22-76
13    <uses-permission android:name="android.permission.WAKE_LOCK" /> <!-- Required by older versions of Google Play services to create IID tokens -->
13-->[com.google.android.gms:play-services-measurement-api:17.2.0] AndroidManifest.xml:24:5-68
13-->[com.google.android.gms:play-services-measurement-api:17.2.0] AndroidManifest.xml:24:22-65
14    <uses-permission android:name="com.google.android.c2dm.permission.RECEIVE" />
14-->[com.google.firebase:firebase-iid:19.0.0] AndroidManifest.xml:26:5-82
14-->[com.google.firebase:firebase-iid:19.0.0] AndroidManifest.xml:26:22-79
15    <uses-permission android:name="com.google.android.finsky.permission.BIND_GET_INSTALL_REFERRER_SERVICE" />
15-->[com.google.android.gms:play-services-measurement:17.2.0] AndroidManifest.xml:26:5-110
15-->[com.google.android.gms:play-services-measurement:17.2.0] AndroidManifest.xml:26:22-107
16
17    <application
17-->src\main\AndroidManifest.xml:5:5-22:19
18        android:name="androidx.multidex.MultiDexApplication"
18-->src\main\AndroidManifest.xml:11:9-61
19        android:allowBackup="true"
19-->src\main\AndroidManifest.xml:6:9-35
20        android:appComponentFactory="androidx.core.app.CoreComponentFactory"
20-->[androidx.core:core:1.1.0] AndroidManifest.xml:24:18-86
21        android:debuggable="true"
22        android:icon="@mipmap/ic_launcher"
22-->src\main\AndroidManifest.xml:7:9-43
23        android:label="@string/app_name"
23-->src\main\AndroidManifest.xml:8:9-41
24        android:roundIcon="@mipmap/ic_launcher_round"
24-->src\main\AndroidManifest.xml:9:9-54
25        android:supportsRtl="true"
25-->src\main\AndroidManifest.xml:10:9-35
26        android:testOnly="true"
27        android:theme="@style/AppTheme" >
27-->src\main\AndroidManifest.xml:12:9-40
28        <activity android:name="com.fuais.janaproject.HomeActivity" />
28-->src\main\AndroidManifest.xml:13:9-59
28-->src\main\AndroidManifest.xml:13:19-47
29        <activity android:name="com.fuais.janaproject.RegistrationActivity" />
29-->src\main\AndroidManifest.xml:14:9-58
29-->src\main\AndroidManifest.xml:14:19-55
30        <activity android:name="com.fuais.janaproject.LoginActivity" >
30-->src\main\AndroidManifest.xml:15:9-21:20
30-->src\main\AndroidManifest.xml:15:19-48
31            <intent-filter>
31-->src\main\AndroidManifest.xml:16:13-20:29
32                <action android:name="android.intent.action.MAIN" />
32-->src\main\AndroidManifest.xml:17:17-69
32-->src\main\AndroidManifest.xml:17:25-66
33
34                <category android:name="android.intent.category.LAUNCHER" />
34-->src\main\AndroidManifest.xml:19:17-77
34-->src\main\AndroidManifest.xml:19:27-74
35            </intent-filter>
36        </activity>
37
38        <meta-data
38-->[com.firebaseui:firebase-ui-auth:3.3.0] AndroidManifest.xml:16:9-18:69
39            android:name="com.google.android.gms.version"
39-->[com.firebaseui:firebase-ui-auth:3.3.0] AndroidManifest.xml:17:13-58
40            android:value="@integer/google_play_services_version" />
40-->[com.firebaseui:firebase-ui-auth:3.3.0] AndroidManifest.xml:18:13-66
41        <meta-data
41-->[com.firebaseui:firebase-ui-auth:3.3.0] AndroidManifest.xml:19:9-21:63
42            android:name="com.facebook.sdk.ApplicationId"
42-->[com.firebaseui:firebase-ui-auth:3.3.0] AndroidManifest.xml:20:13-58
43            android:value="@string/facebook_application_id" />
43-->[com.firebaseui:firebase-ui-auth:3.3.0] AndroidManifest.xml:21:13-60
44
45        <activity
45-->[com.firebaseui:firebase-ui-auth:3.3.0] AndroidManifest.xml:23:9-27:61
46            android:name="com.firebase.ui.auth.KickoffActivity"
46-->[com.firebaseui:firebase-ui-auth:3.3.0] AndroidManifest.xml:24:13-64
47            android:exported="false"
47-->[com.firebaseui:firebase-ui-auth:3.3.0] AndroidManifest.xml:25:13-37
48            android:label=""
48-->[com.firebaseui:firebase-ui-auth:3.3.0] AndroidManifest.xml:26:13-29
49            android:theme="@style/FirebaseUI.Transparent" />
49-->[com.firebaseui:firebase-ui-auth:3.3.0] AndroidManifest.xml:27:13-58
50        <activity
50-->[com.firebaseui:firebase-ui-auth:3.3.0] AndroidManifest.xml:28:9-32:61
51            android:name="com.firebase.ui.auth.ui.idp.SingleSignInActivity"
51-->[com.firebaseui:firebase-ui-auth:3.3.0] AndroidManifest.xml:29:13-76
52            android:exported="false"
52-->[com.firebaseui:firebase-ui-auth:3.3.0] AndroidManifest.xml:30:13-37
53            android:label=""
53-->[com.firebaseui:firebase-ui-auth:3.3.0] AndroidManifest.xml:31:13-29
54            android:theme="@style/FirebaseUI.Transparent" />
54-->[com.firebaseui:firebase-ui-auth:3.3.0] AndroidManifest.xml:32:13-58
55        <activity
55-->[com.firebaseui:firebase-ui-auth:3.3.0] AndroidManifest.xml:33:9-37:58
56            android:name="com.firebase.ui.auth.ui.email.RecoverPasswordActivity"
56-->[com.firebaseui:firebase-ui-auth:3.3.0] AndroidManifest.xml:34:13-81
57            android:exported="false"
57-->[com.firebaseui:firebase-ui-auth:3.3.0] AndroidManifest.xml:35:13-37
58            android:label="@string/fui_title_recover_password_activity"
58-->[com.firebaseui:firebase-ui-auth:3.3.0] AndroidManifest.xml:36:13-72
59            android:windowSoftInputMode="adjustResize" />
59-->[com.firebaseui:firebase-ui-auth:3.3.0] AndroidManifest.xml:37:13-55
60        <activity
60-->[com.firebaseui:firebase-ui-auth:3.3.0] AndroidManifest.xml:38:9-42:58
61            android:name="com.firebase.ui.auth.ui.email.EmailActivity"
61-->[com.firebaseui:firebase-ui-auth:3.3.0] AndroidManifest.xml:39:13-71
62            android:exported="false"
62-->[com.firebaseui:firebase-ui-auth:3.3.0] AndroidManifest.xml:40:13-37
63            android:label="@string/fui_sign_in_default"
63-->[com.firebaseui:firebase-ui-auth:3.3.0] AndroidManifest.xml:41:13-56
64            android:windowSoftInputMode="adjustResize" />
64-->[com.firebaseui:firebase-ui-auth:3.3.0] AndroidManifest.xml:42:13-55
65        <activity
65-->[com.firebaseui:firebase-ui-auth:3.3.0] AndroidManifest.xml:43:9-47:77
66            android:name="com.firebase.ui.auth.ui.phone.PhoneActivity"
66-->[com.firebaseui:firebase-ui-auth:3.3.0] AndroidManifest.xml:44:13-71
67            android:exported="false"
67-->[com.firebaseui:firebase-ui-auth:3.3.0] AndroidManifest.xml:45:13-37
68            android:label="@string/fui_sign_in_with_phone_number"
68-->[com.firebaseui:firebase-ui-auth:3.3.0] AndroidManifest.xml:46:13-66
69            android:windowSoftInputMode="adjustResize|stateAlwaysVisible" />
69-->[com.firebaseui:firebase-ui-auth:3.3.0] AndroidManifest.xml:47:13-74
70        <activity
70-->[com.firebaseui:firebase-ui-auth:3.3.0] AndroidManifest.xml:48:9-52:58
71            android:name="com.firebase.ui.auth.ui.idp.WelcomeBackIdpPrompt"
71-->[com.firebaseui:firebase-ui-auth:3.3.0] AndroidManifest.xml:49:13-76
72            android:exported="false"
72-->[com.firebaseui:firebase-ui-auth:3.3.0] AndroidManifest.xml:50:13-37
73            android:label="@string/fui_title_welcome_back_idp_prompt"
73-->[com.firebaseui:firebase-ui-auth:3.3.0] AndroidManifest.xml:51:13-70
74            android:windowSoftInputMode="adjustResize" />
74-->[com.firebaseui:firebase-ui-auth:3.3.0] AndroidManifest.xml:52:13-55
75        <activity
75-->[com.firebaseui:firebase-ui-auth:3.3.0] AndroidManifest.xml:53:9-57:58
76            android:name="com.firebase.ui.auth.ui.email.WelcomeBackPasswordPrompt"
76-->[com.firebaseui:firebase-ui-auth:3.3.0] AndroidManifest.xml:54:13-83
77            android:exported="false"
77-->[com.firebaseui:firebase-ui-auth:3.3.0] AndroidManifest.xml:55:13-37
78            android:label="@string/fui_title_welcome_back_password_prompt"
78-->[com.firebaseui:firebase-ui-auth:3.3.0] AndroidManifest.xml:56:13-75
79            android:windowSoftInputMode="adjustResize" />
79-->[com.firebaseui:firebase-ui-auth:3.3.0] AndroidManifest.xml:57:13-55
80        <activity
80-->[com.firebaseui:firebase-ui-auth:3.3.0] AndroidManifest.xml:58:9-61:65
81            android:name="com.firebase.ui.auth.ui.idp.AuthMethodPickerActivity"
81-->[com.firebaseui:firebase-ui-auth:3.3.0] AndroidManifest.xml:59:13-80
82            android:exported="false"
82-->[com.firebaseui:firebase-ui-auth:3.3.0] AndroidManifest.xml:60:13-37
83            android:label="@string/fui_default_toolbar_title" />
83-->[com.firebaseui:firebase-ui-auth:3.3.0] AndroidManifest.xml:61:13-62
84        <activity
84-->[com.firebaseui:firebase-ui-auth:3.3.0] AndroidManifest.xml:62:9-66:48
85            android:name="com.facebook.FacebookActivity"
85-->[com.firebaseui:firebase-ui-auth:3.3.0] AndroidManifest.xml:63:13-57
86            android:configChanges="keyboard|keyboardHidden|screenLayout|screenSize|orientation"
86-->[com.firebaseui:firebase-ui-auth:3.3.0] AndroidManifest.xml:64:13-96
87            android:label="@string/app_name" />
87-->[com.firebaseui:firebase-ui-auth:3.3.0] AndroidManifest.xml:65:13-45
88        <activity
88-->[com.firebaseui:firebase-ui-auth:3.3.0] AndroidManifest.xml:67:9-71:61
89            android:name="com.firebase.ui.auth.ui.credentials.CredentialSaveActivity"
89-->[com.firebaseui:firebase-ui-auth:3.3.0] AndroidManifest.xml:68:13-86
90            android:exported="false"
90-->[com.firebaseui:firebase-ui-auth:3.3.0] AndroidManifest.xml:69:13-37
91            android:label=""
91-->[com.firebaseui:firebase-ui-auth:3.3.0] AndroidManifest.xml:70:13-29
92            android:theme="@style/FirebaseUI.Transparent" />
92-->[com.firebaseui:firebase-ui-auth:3.3.0] AndroidManifest.xml:71:13-58
93        <activity
93-->[com.firebaseui:firebase-ui-auth:3.3.0] AndroidManifest.xml:72:9-84:20
94            android:name="com.facebook.CustomTabActivity"
94-->[com.firebaseui:firebase-ui-auth:3.3.0] AndroidManifest.xml:73:13-58
95            android:exported="true" >
95-->[com.firebaseui:firebase-ui-auth:3.3.0] AndroidManifest.xml:74:13-36
96            <intent-filter>
96-->[com.firebaseui:firebase-ui-auth:3.3.0] AndroidManifest.xml:76:13-83:29
97                <action android:name="android.intent.action.VIEW" />
97-->[com.firebaseui:firebase-ui-auth:3.3.0] AndroidManifest.xml:77:17-69
97-->[com.firebaseui:firebase-ui-auth:3.3.0] AndroidManifest.xml:77:25-66
98
99                <category android:name="android.intent.category.DEFAULT" />
99-->[com.firebaseui:firebase-ui-auth:3.3.0] AndroidManifest.xml:79:17-76
99-->[com.firebaseui:firebase-ui-auth:3.3.0] AndroidManifest.xml:79:27-73
100                <category android:name="android.intent.category.BROWSABLE" />
100-->[com.firebaseui:firebase-ui-auth:3.3.0] AndroidManifest.xml:80:17-78
100-->[com.firebaseui:firebase-ui-auth:3.3.0] AndroidManifest.xml:80:27-75
101
102                <data android:scheme="@string/facebook_login_protocol_scheme" />
102-->[com.firebaseui:firebase-ui-auth:3.3.0] AndroidManifest.xml:82:17-81
102-->[com.firebaseui:firebase-ui-auth:3.3.0] AndroidManifest.xml:82:23-78
103            </intent-filter>
104        </activity>
105
106        <provider
106-->[com.firebaseui:firebase-ui-auth:3.3.0] AndroidManifest.xml:86:9-90:38
107            android:name="com.firebase.ui.auth.data.client.AuthUiInitProvider"
107-->[com.firebaseui:firebase-ui-auth:3.3.0] AndroidManifest.xml:87:13-79
108            android:authorities="com.fuais.janaproject.authuiinitprovider"
108-->[com.firebaseui:firebase-ui-auth:3.3.0] AndroidManifest.xml:88:13-70
109            android:exported="false"
109-->[com.firebaseui:firebase-ui-auth:3.3.0] AndroidManifest.xml:89:13-37
110            android:initOrder="90" />
110-->[com.firebaseui:firebase-ui-auth:3.3.0] AndroidManifest.xml:90:13-35
111
112        <activity
112-->[com.google.firebase:firebase-auth:19.2.0] AndroidManifest.xml:24:9-31:50
113            android:name="com.google.firebase.auth.internal.FederatedSignInActivity"
113-->[com.google.firebase:firebase-auth:19.2.0] AndroidManifest.xml:25:13-85
114            android:excludeFromRecents="true"
114-->[com.google.firebase:firebase-auth:19.2.0] AndroidManifest.xml:26:13-46
115            android:exported="true"
115-->[com.google.firebase:firebase-auth:19.2.0] AndroidManifest.xml:27:13-36
116            android:launchMode="singleTask"
116-->[com.google.firebase:firebase-auth:19.2.0] AndroidManifest.xml:28:13-44
117            android:permission="com.google.firebase.auth.api.gms.permission.LAUNCH_FEDERATED_SIGN_IN"
117-->[com.google.firebase:firebase-auth:19.2.0] AndroidManifest.xml:29:13-102
118            android:theme="@android:style/Theme.Translucent.NoTitleBar" />
118-->[com.google.firebase:firebase-auth:19.2.0] AndroidManifest.xml:30:13-72
119
120        <service
120-->[com.google.firebase:firebase-auth:19.2.0] AndroidManifest.xml:33:9-39:19
121            android:name="com.google.firebase.components.ComponentDiscoveryService"
121-->[com.google.firebase:firebase-auth:19.2.0] AndroidManifest.xml:34:13-84
122            android:directBootAware="true"
122-->[com.google.firebase:firebase-common:19.3.0] AndroidManifest.xml:34:13-43
123            android:exported="false" >
123-->[com.google.firebase:firebase-auth:19.2.0] AndroidManifest.xml:35:13-37
124            <meta-data
124-->[com.google.firebase:firebase-auth:19.2.0] AndroidManifest.xml:36:13-38:85
125                android:name="com.google.firebase.components:com.google.firebase.auth.FirebaseAuthRegistrar"
125-->[com.google.firebase:firebase-auth:19.2.0] AndroidManifest.xml:37:17-109
126                android:value="com.google.firebase.components.ComponentRegistrar" />
126-->[com.google.firebase:firebase-auth:19.2.0] AndroidManifest.xml:38:17-82
127            <meta-data
127-->[com.google.firebase:firebase-database:19.2.0] AndroidManifest.xml:32:13-34:85
128                android:name="com.google.firebase.components:com.google.firebase.database.DatabaseRegistrar"
128-->[com.google.firebase:firebase-database:19.2.0] AndroidManifest.xml:33:17-109
129                android:value="com.google.firebase.components.ComponentRegistrar" />
129-->[com.google.firebase:firebase-database:19.2.0] AndroidManifest.xml:34:17-82
130            <meta-data
130-->[com.google.android.gms:play-services-measurement-api:17.2.0] AndroidManifest.xml:30:13-32:85
131                android:name="com.google.firebase.components:com.google.firebase.analytics.connector.internal.AnalyticsConnectorRegistrar"
131-->[com.google.android.gms:play-services-measurement-api:17.2.0] AndroidManifest.xml:31:17-139
132                android:value="com.google.firebase.components.ComponentRegistrar" />
132-->[com.google.android.gms:play-services-measurement-api:17.2.0] AndroidManifest.xml:32:17-82
133            <meta-data
133-->[com.google.firebase:firebase-iid:19.0.0] AndroidManifest.xml:32:13-34:85
134                android:name="com.google.firebase.components:com.google.firebase.iid.Registrar"
134-->[com.google.firebase:firebase-iid:19.0.0] AndroidManifest.xml:33:17-96
135                android:value="com.google.firebase.components.ComponentRegistrar" />
135-->[com.google.firebase:firebase-iid:19.0.0] AndroidManifest.xml:34:17-82
136        </service>
137
138        <activity
138-->[com.google.android.gms:play-services-auth:12.0.1] AndroidManifest.xml:23:9-27:75
139            android:name="com.google.android.gms.auth.api.signin.internal.SignInHubActivity"
139-->[com.google.android.gms:play-services-auth:12.0.1] AndroidManifest.xml:24:13-93
140            android:excludeFromRecents="true"
140-->[com.google.android.gms:play-services-auth:12.0.1] AndroidManifest.xml:25:13-46
141            android:exported="false"
141-->[com.google.android.gms:play-services-auth:12.0.1] AndroidManifest.xml:26:13-37
142            android:theme="@android:style/Theme.Translucent.NoTitleBar" />
142-->[com.google.android.gms:play-services-auth:12.0.1] AndroidManifest.xml:27:13-72
143        <!--
144            Service handling Google Sign-In user revocation. For apps that do not integrate with
145            Google Sign-In, this service will never be started.
146        -->
147        <service
147-->[com.google.android.gms:play-services-auth:12.0.1] AndroidManifest.xml:33:9-36:110
148            android:name="com.google.android.gms.auth.api.signin.RevocationBoundService"
148-->[com.google.android.gms:play-services-auth:12.0.1] AndroidManifest.xml:34:13-89
149            android:exported="true"
149-->[com.google.android.gms:play-services-auth:12.0.1] AndroidManifest.xml:35:13-36
150            android:permission="com.google.android.gms.auth.api.signin.permission.REVOCATION_NOTIFICATION" />
150-->[com.google.android.gms:play-services-auth:12.0.1] AndroidManifest.xml:36:13-107
151
152        <receiver
152-->[com.google.firebase:firebase-iid:19.0.0] AndroidManifest.xml:37:9-44:20
153            android:name="com.google.firebase.iid.FirebaseInstanceIdReceiver"
153-->[com.google.firebase:firebase-iid:19.0.0] AndroidManifest.xml:38:13-78
154            android:exported="true"
154-->[com.google.firebase:firebase-iid:19.0.0] AndroidManifest.xml:39:13-36
155            android:permission="com.google.android.c2dm.permission.SEND" >
155-->[com.google.firebase:firebase-iid:19.0.0] AndroidManifest.xml:40:13-73
156            <intent-filter>
156-->[com.google.firebase:firebase-iid:19.0.0] AndroidManifest.xml:41:13-43:29
157                <action android:name="com.google.android.c2dm.intent.RECEIVE" />
157-->[com.google.firebase:firebase-iid:19.0.0] AndroidManifest.xml:42:17-81
157-->[com.google.firebase:firebase-iid:19.0.0] AndroidManifest.xml:42:25-78
158            </intent-filter>
159        </receiver>
160
161        <activity
161-->[com.google.android.gms:play-services-base:17.1.0] AndroidManifest.xml:23:9-26:75
162            android:name="com.google.android.gms.common.api.GoogleApiActivity"
162-->[com.google.android.gms:play-services-base:17.1.0] AndroidManifest.xml:24:13-79
163            android:exported="false"
163-->[com.google.android.gms:play-services-base:17.1.0] AndroidManifest.xml:25:13-37
164            android:theme="@android:style/Theme.Translucent.NoTitleBar" />
164-->[com.google.android.gms:play-services-base:17.1.0] AndroidManifest.xml:26:13-72
165
166        <provider
166-->[com.google.firebase:firebase-common:19.3.0] AndroidManifest.xml:26:9-30:39
167            android:name="com.google.firebase.provider.FirebaseInitProvider"
167-->[com.google.firebase:firebase-common:19.3.0] AndroidManifest.xml:27:13-77
168            android:authorities="com.fuais.janaproject.firebaseinitprovider"
168-->[com.google.firebase:firebase-common:19.3.0] AndroidManifest.xml:28:13-72
169            android:exported="false"
169-->[com.google.firebase:firebase-common:19.3.0] AndroidManifest.xml:29:13-37
170            android:initOrder="100" />
170-->[com.google.firebase:firebase-common:19.3.0] AndroidManifest.xml:30:13-36
171
172        <receiver
172-->[com.google.android.gms:play-services-measurement:17.2.0] AndroidManifest.xml:29:9-33:20
173            android:name="com.google.android.gms.measurement.AppMeasurementReceiver"
173-->[com.google.android.gms:play-services-measurement:17.2.0] AndroidManifest.xml:30:13-85
174            android:enabled="true"
174-->[com.google.android.gms:play-services-measurement:17.2.0] AndroidManifest.xml:31:13-35
175            android:exported="false" >
175-->[com.google.android.gms:play-services-measurement:17.2.0] AndroidManifest.xml:32:13-37
176        </receiver>
177        <receiver
177-->[com.google.android.gms:play-services-measurement:17.2.0] AndroidManifest.xml:34:9-42:20
178            android:name="com.google.android.gms.measurement.AppMeasurementInstallReferrerReceiver"
178-->[com.google.android.gms:play-services-measurement:17.2.0] AndroidManifest.xml:35:13-100
179            android:enabled="true"
179-->[com.google.android.gms:play-services-measurement:17.2.0] AndroidManifest.xml:36:13-35
180            android:exported="true"
180-->[com.google.android.gms:play-services-measurement:17.2.0] AndroidManifest.xml:37:13-36
181            android:permission="android.permission.INSTALL_PACKAGES" >
181-->[com.google.android.gms:play-services-measurement:17.2.0] AndroidManifest.xml:38:13-69
182            <intent-filter>
182-->[com.google.android.gms:play-services-measurement:17.2.0] AndroidManifest.xml:39:13-41:29
183                <action android:name="com.android.vending.INSTALL_REFERRER" />
183-->[com.google.android.gms:play-services-measurement:17.2.0] AndroidManifest.xml:40:17-79
183-->[com.google.android.gms:play-services-measurement:17.2.0] AndroidManifest.xml:40:25-76
184            </intent-filter>
185        </receiver>
186
187        <service
187-->[com.google.android.gms:play-services-measurement:17.2.0] AndroidManifest.xml:44:9-47:40
188            android:name="com.google.android.gms.measurement.AppMeasurementService"
188-->[com.google.android.gms:play-services-measurement:17.2.0] AndroidManifest.xml:45:13-84
189            android:enabled="true"
189-->[com.google.android.gms:play-services-measurement:17.2.0] AndroidManifest.xml:46:13-35
190            android:exported="false" />
190-->[com.google.android.gms:play-services-measurement:17.2.0] AndroidManifest.xml:47:13-37
191        <service
191-->[com.google.android.gms:play-services-measurement:17.2.0] AndroidManifest.xml:48:9-52:72
192            android:name="com.google.android.gms.measurement.AppMeasurementJobService"
192-->[com.google.android.gms:play-services-measurement:17.2.0] AndroidManifest.xml:49:13-87
193            android:enabled="true"
193-->[com.google.android.gms:play-services-measurement:17.2.0] AndroidManifest.xml:50:13-35
194            android:exported="false"
194-->[com.google.android.gms:play-services-measurement:17.2.0] AndroidManifest.xml:51:13-37
195            android:permission="android.permission.BIND_JOB_SERVICE" />
195-->[com.google.android.gms:play-services-measurement:17.2.0] AndroidManifest.xml:52:13-69
196
197        <provider
197-->[androidx.lifecycle:lifecycle-process:2.0.0] AndroidManifest.xml:23:9-27:43
198            android:name="androidx.lifecycle.ProcessLifecycleOwnerInitializer"
198-->[androidx.lifecycle:lifecycle-process:2.0.0] AndroidManifest.xml:24:13-79
199            android:authorities="com.fuais.janaproject.lifecycle-process"
199-->[androidx.lifecycle:lifecycle-process:2.0.0] AndroidManifest.xml:25:13-69
200            android:exported="false"
200-->[androidx.lifecycle:lifecycle-process:2.0.0] AndroidManifest.xml:26:13-37
201            android:multiprocess="true" />
201-->[androidx.lifecycle:lifecycle-process:2.0.0] AndroidManifest.xml:27:13-40
202    </application>
203
204</manifest>